#
# A fatal error has been detected by the Java Runtime Environment:
#
#  EXCEPTION_ACCESS_VIOLATION (0xc0000005) at pc=0x000000005e00f3ce, pid=9088, tid=0x0000000000001d60
#
# JRE version: OpenJDK Runtime Environment (8.0_112-b06) (build 1.8.0_112-release-b06)
# Java VM: OpenJDK 64-Bit Server VM (25.112-b06 mixed mode windows-amd64 compressed oops)
# Problematic frame:
# V  [jvm.dll+0xff3ce]
#
# Failed to write core dump. Minidumps are not enabled by default on client versions of Windows
#
# If you would like to submit a bug report, please visit:
#   http://bugreport.java.com/bugreport/crash.jsp
#

---------------  T H R E A D  ---------------

Current thread (0x000000005f56d000):  JavaThread "Daemon worker Thread 11" [_thread_in_Java, id=7520, stack(0x000000005f920000,0x000000005fa20000)]

siginfo: ExceptionCode=0xc0000005, reading address 0x0000005c5c98d438

Registers:
RAX=0x0000005c5c98d438, RBX=0x00000000eb4c5fd0, RCX=0x0000000000000000, RDX=0x0000000015de3110
RSP=0x000000005fa1d9d8, RBP=0x000000005fa1db18, RSI=0x0000000000008b0a, RDI=0x00000000eb4b3bb0
R8 =0x0000000015e22808, R9 =0x0000000015e22808, R10=0x00000000eb4c5fd0, R11=0x00000000eb4b42a8
R12=0x0000000000000000, R13=0x00000000eb4c5f78, R14=0x000000005fa1d7c8, R15=0x000000005f56d000
RIP=0x000000005e00f3ce, EFLAGS=0x0000000000010246

Top of Stack: (sp=0x000000005fa1d9d8)
0x000000005fa1d9d8:   000000005e323cb4 0000000000000000
0x000000005fa1d9e8:   00000000eb4b3bb0 000000005c1aa5c0
0x000000005fa1d9f8:   000000005f56d000 0000000055fa2e40
0x000000005fa1da08:   0000000003a6050a 000000005fa1daa8
0x000000005fa1da18:   000000005dfa2345 00000000027c5410
0x000000005fa1da28:   0000000000000000 000000005c1aa5c0
0x000000005fa1da38:   000000005f56d000 000000005f45bf60
0x000000005fa1da48:   000000005dfa6101 000000005fa1dd98
0x000000005fa1da58:   00000000a0622b10 00000000eb4c5fd0
0x000000005fa1da68:   0000000000000001 00000000eb4b3bb0
0x000000005fa1da78:   00000000027d9272 000000005fa1db18
0x000000005fa1da88:   00000000027c7e00 0000000000008b06
0x000000005fa1da98:   00000000027c7e00 00000000a0622b10
0x000000005fa1daa8:   00000000eb4b3b28 00000000a0550428
0x000000005fa1dab8:   00000000a05550f8 00000000eb4c5d38
0x000000005fa1dac8:   00000000eb4c2420 00000000eb4c2420 

Instructions: (pc=0x000000005e00f3ce)
0x000000005e00f3ae:   f2 32 c0 c3 cc cc cc cc cc cc cc cc cc cc cc cc
0x000000005e00f3be:   cc cc 4c 8b c9 48 3b ca 74 30 49 8b 41 20 33 c9
0x000000005e00f3ce:   4c 63 00 4d 85 c0 7e 1b 48 83 c0 08 66 0f 1f 44
0x000000005e00f3de:   00 00 48 39 10 74 0f 48 ff c1 48 83 c0 08 49 3b 


Register to memory mapping:

RAX=0x0000005c5c98d438 is an unknown value
RBX=0x00000000eb4c5fd0 is an oop

[error occurred during error reporting (printing register info), id 0xc0000005]

Stack: [0x000000005f920000,0x000000005fa20000],  sp=0x000000005fa1d9d8,  free space=1014k
Native frames: (J=compiled Java code, j=interpreted, Vv=VM code, C=native code)
V  [jvm.dll+0xff3ce]


---------------  P R O C E S S  ---------------

Java Threads: ( => current thread )
  0x000000005f56b800 JavaThread "Stdin handler" [_thread_blocked, id=5652, stack(0x000000005c5a0000,0x000000005c6a0000)]
  0x000000005a721000 JavaThread "Asynchronous log dispatcher for DefaultDaemonConnection: socket connection from /127.0.0.1:54224 to /127.0.0.1:57160" [_thread_blocked, id=4136, stack(0x0000000060440000,0x0000000060540000)]
=>0x000000005f56d000 JavaThread "Daemon worker Thread 11" [_thread_in_Java, id=7520, stack(0x000000005f920000,0x000000005fa20000)]
  0x000000005f56e800 JavaThread "Cancel handler" [_thread_blocked, id=6176, stack(0x000000005c7e0000,0x000000005c8e0000)]
  0x000000005a71c000 JavaThread "Handler for socket connection from /127.0.0.1:54224 to /127.0.0.1:57160" [_thread_in_native, id=8452, stack(0x000000005c2b0000,0x000000005c3b0000)]
  0x0000000060a2a800 JavaThread "Daemon Thread 11" [_thread_blocked, id=2228, stack(0x0000000059a30000,0x0000000059b30000)]
  0x000000005d4b9000 JavaThread "pool-6-thread-4" [_thread_blocked, id=7236, stack(0x0000000064d80000,0x0000000064e80000)]
  0x000000005f13f800 JavaThread "pool-6-thread-3" [_thread_blocked, id=3448, stack(0x0000000064000000,0x0000000064100000)]
  0x000000005f13e800 JavaThread "pool-6-thread-2" [_thread_blocked, id=8632, stack(0x0000000063e50000,0x0000000063f50000)]
  0x000000005a722800 JavaThread "pool-6-thread-1" [_thread_blocked, id=3512, stack(0x0000000063500000,0x0000000063600000)]
  0x000000005a719000 JavaThread "pool-2-thread-1" [_thread_blocked, id=4320, stack(0x0000000060570000,0x0000000060670000)]
  0x000000005a717000 JavaThread "File lock request listener" [_thread_in_native, id=4764, stack(0x000000005c6d0000,0x000000005c7d0000)]
  0x000000005a8ef800 JavaThread "pool-1-thread-1" [_thread_blocked, id=8028, stack(0x000000005c3f0000,0x000000005c4f0000)]
  0x000000005a410000 JavaThread "Incoming local TCP Connector on port 54224" [_thread_in_native, id=7456, stack(0x000000005bfa0000,0x000000005c0a0000)]
  0x000000005812c000 JavaThread "Service Thread" daemon [_thread_blocked, id=8812, stack(0x0000000058ec0000,0x0000000058fc0000)]
  0x00000000580ab000 JavaThread "C1 CompilerThread2" daemon [_thread_blocked, id=3336, stack(0x0000000058470000,0x0000000058570000)]
  0x00000000580a9800 JavaThread "C2 CompilerThread1" daemon [_thread_blocked, id=8764, stack(0x0000000058ca0000,0x0000000058da0000)]
  0x00000000580a1800 JavaThread "C2 CompilerThread0" daemon [_thread_blocked, id=8872, stack(0x0000000058ae0000,0x0000000058be0000)]
  0x00000000580a0000 JavaThread "Attach Listener" daemon [_thread_blocked, id=8864, stack(0x00000000588f0000,0x00000000589f0000)]
  0x000000005809e800 JavaThread "Signal Dispatcher" daemon [_thread_blocked, id=8964, stack(0x00000000587f0000,0x00000000588f0000)]
  0x0000000058090800 JavaThread "Finalizer" daemon [_thread_blocked, id=8960, stack(0x0000000058600000,0x0000000058700000)]
  0x000000005660c800 JavaThread "Reference Handler" daemon [_thread_blocked, id=8388, stack(0x0000000057f50000,0x0000000058050000)]
  0x0000000001f8d800 JavaThread "main" [_thread_blocked, id=7760, stack(0x00000000023f0000,0x00000000024f0000)]

Other Threads:
  0x0000000056603000 VMThread [stack: 0x0000000057d60000,0x0000000057e60000] [id=8592]
  0x000000005812e000 WatcherThread [stack: 0x00000000590e0000,0x00000000591e0000] [id=9168]

VM state:not at safepoint (normal execution)

VM Mutex/Monitor currently owned by a thread: None

Heap:
 PSYoungGen      total 391168K, used 198650K [0x00000000e0000000, 0x00000000fce00000, 0x0000000100000000)
  eden space 378368K, 49% used [0x00000000e0000000,0x00000000eb5bb038,0x00000000f7180000)
  from space 12800K, 98% used [0x00000000fc180000,0x00000000fcdc3850,0x00000000fce00000)
  to   space 26112K, 0% used [0x00000000f9b00000,0x00000000f9b00000,0x00000000fb480000)
 ParOldGen       total 160256K, used 91348K [0x00000000a0000000, 0x00000000a9c80000, 0x00000000e0000000)
  object space 160256K, 57% used [0x00000000a0000000,0x00000000a5935288,0x00000000a9c80000)
 Metaspace       used 79595K, capacity 84946K, committed 85248K, reserved 1124352K
  class space    used 10088K, capacity 10905K, committed 11008K, reserved 1048576K

Card table byte_map: [0x0000000011b80000,0x0000000011e90000] byte_map_base: 0x0000000011680000

Marking Bits: (ParMarkBitMap*) 0x000000005e6d18f0
 Begin Bits: [0x0000000012920000, 0x0000000014120000)
 End Bits:   [0x0000000014120000, 0x0000000015920000)

Polling page: 0x0000000000430000

CodeCache: size=245760Kb used=57178Kb max_used=59488Kb free=188581Kb
 bounds [0x00000000027c0000, 0x0000000006240000, 0x00000000117c0000]
 total_blobs=17631 nmethods=16834 adapters=709
 compilation: enabled

Compilation events (10 events):
Event: 7671.558 Thread 0x00000000580ab000 22221       3       org.gradle.internal.concurrent.ThreadFactoryImpl::newThread (66 bytes)
Event: 7671.558 Thread 0x00000000580ab000 nmethod 22221 0x0000000003e14810 code [0x0000000003e14a20, 0x0000000003e15568]
Event: 7671.562 Thread 0x00000000580ab000 22223       1       org.gradle.internal.SystemProperties::getStandardProperties (4 bytes)
Event: 7671.562 Thread 0x00000000580ab000 nmethod 22223 0x0000000003511d50 code [0x0000000003511ea0, 0x0000000003511fb0]
Event: 7671.562 Thread 0x00000000580ab000 22224       3       com.google.common.collect.MapMaker::makeMap (55 bytes)
Event: 7671.562 Thread 0x00000000580ab000 nmethod 22224 0x0000000003f0eed0 code [0x0000000003f0f0c0, 0x0000000003f0f808]
Event: 7671.562 Thread 0x00000000580ab000 22222       1       org.gradle.launcher.daemon.server.api.DaemonCommandExecution::getCommand (5 bytes)
Event: 7671.562 Thread 0x00000000580ab000 nmethod 22222 0x0000000003c37590 code [0x0000000003c376e0, 0x0000000003c377f0]
Event: 7671.562 Thread 0x00000000580ab000 22225       1       org.gradle.internal.service.DefaultServiceRegistry::access$600 (5 bytes)
Event: 7671.562 Thread 0x00000000580ab000 nmethod 22225 0x0000000003c37250 code [0x0000000003c373a0, 0x0000000003c37490]

GC Heap History (10 events):
Event: 3893.924 GC heap before
{Heap before GC invocations=25 (full 3):
 PSYoungGen      total 494080K, used 479965K [0x00000000e0000000, 0x00000000ffe80000, 0x0000000100000000)
  eden space 466944K, 100% used [0x00000000e0000000,0x00000000fc800000,0x00000000fc800000)
  from space 27136K, 47% used [0x00000000fc800000,0x00000000fd4b7690,0x00000000fe280000)
  to   space 25600K, 0% used [0x00000000fe580000,0x00000000fe580000,0x00000000ffe80000)
 ParOldGen       total 160256K, used 82827K [0x00000000a0000000, 0x00000000a9c80000, 0x00000000e0000000)
  object space 160256K, 51% used [0x00000000a0000000,0x00000000a50e2e28,0x00000000a9c80000)
 Metaspace       used 78423K, capacity 83110K, committed 83328K, reserved 1122304K
  class space    used 9992K, capacity 10775K, committed 10880K, reserved 1048576K
Event: 3893.939 GC heap after
Heap after GC invocations=25 (full 3):
 PSYoungGen      total 460288K, used 12404K [0x00000000e0000000, 0x00000000ff200000, 0x0000000100000000)
  eden space 447488K, 0% used [0x00000000e0000000,0x00000000e0000000,0x00000000fb500000)
  from space 12800K, 96% used [0x00000000fe580000,0x00000000ff19d0e8,0x00000000ff200000)
  to   space 24576K, 0% used [0x00000000fc200000,0x00000000fc200000,0x00000000fda00000)
 ParOldGen       total 160256K, used 82835K [0x00000000a0000000, 0x00000000a9c80000, 0x00000000e0000000)
  object space 160256K, 51% used [0x00000000a0000000,0x00000000a50e4e28,0x00000000a9c80000)
 Metaspace       used 78423K, capacity 83110K, committed 83328K, reserved 1122304K
  class space    used 9992K, capacity 10775K, committed 10880K, reserved 1048576K
}
Event: 4143.862 GC heap before
{Heap before GC invocations=26 (full 3):
 PSYoungGen      total 460288K, used 458904K [0x00000000e0000000, 0x00000000ff200000, 0x0000000100000000)
  eden space 447488K, 99% used [0x00000000e0000000,0x00000000fb4090f0,0x00000000fb500000)
  from space 12800K, 96% used [0x00000000fe580000,0x00000000ff19d0e8,0x00000000ff200000)
  to   space 24576K, 0% used [0x00000000fc200000,0x00000000fc200000,0x00000000fda00000)
 ParOldGen       total 160256K, used 82835K [0x00000000a0000000, 0x00000000a9c80000, 0x00000000e0000000)
  object space 160256K, 51% used [0x00000000a0000000,0x00000000a50e4e28,0x00000000a9c80000)
 Metaspace       used 78720K, capacity 83486K, committed 83584K, reserved 1122304K
  class space    used 10008K, capacity 10799K, committed 10880K, reserved 1048576K
Event: 4143.902 GC heap after
Heap after GC invocations=26 (full 3):
 PSYoungGen      total 444416K, used 14945K [0x00000000e0000000, 0x00000000fe600000, 0x0000000100000000)
  eden space 429056K, 0% used [0x00000000e0000000,0x00000000e0000000,0x00000000fa300000)
  from space 15360K, 97% used [0x00000000fc200000,0x00000000fd098798,0x00000000fd100000)
  to   space 21504K, 0% used [0x00000000fd100000,0x00000000fd100000,0x00000000fe600000)
 ParOldGen       total 160256K, used 82843K [0x00000000a0000000, 0x00000000a9c80000, 0x00000000e0000000)
  object space 160256K, 51% used [0x00000000a0000000,0x00000000a50e6e28,0x00000000a9c80000)
 Metaspace       used 78720K, capacity 83486K, committed 83584K, reserved 1122304K
  class space    used 10008K, capacity 10799K, committed 10880K, reserved 1048576K
}
Event: 5525.617 GC heap before
{Heap before GC invocations=27 (full 3):
 PSYoungGen      total 444416K, used 444001K [0x00000000e0000000, 0x00000000fe600000, 0x0000000100000000)
  eden space 429056K, 100% used [0x00000000e0000000,0x00000000fa300000,0x00000000fa300000)
  from space 15360K, 97% used [0x00000000fc200000,0x00000000fd098798,0x00000000fd100000)
  to   space 21504K, 0% used [0x00000000fd100000,0x00000000fd100000,0x00000000fe600000)
 ParOldGen       total 160256K, used 82843K [0x00000000a0000000, 0x00000000a9c80000, 0x00000000e0000000)
  object space 160256K, 51% used [0x00000000a0000000,0x00000000a50e6e28,0x00000000a9c80000)
 Metaspace       used 78879K, capacity 83644K, committed 83840K, reserved 1122304K
  class space    used 10018K, capacity 10808K, committed 10880K, reserved 1048576K
Event: 5525.642 GC heap after
Heap after GC invocations=27 (full 3):
 PSYoungGen      total 432640K, used 21493K [0x00000000e0000000, 0x00000000fe600000, 0x0000000100000000)
  eden space 411136K, 0% used [0x00000000e0000000,0x00000000e0000000,0x00000000f9180000)
  from space 21504K, 99% used [0x00000000fd100000,0x00000000fe5fd640,0x00000000fe600000)
  to   space 27136K, 0% used [0x00000000fb100000,0x00000000fb100000,0x00000000fcb80000)
 ParOldGen       total 160256K, used 86150K [0x00000000a0000000, 0x00000000a9c80000, 0x00000000e0000000)
  object space 160256K, 53% used [0x00000000a0000000,0x00000000a54218f0,0x00000000a9c80000)
 Metaspace       used 78879K, capacity 83644K, committed 83840K, reserved 1122304K
  class space    used 10018K, capacity 10808K, committed 10880K, reserved 1048576K
}
Event: 6887.217 GC heap before
{Heap before GC invocations=28 (full 3):
 PSYoungGen      total 432640K, used 432629K [0x00000000e0000000, 0x00000000fe600000, 0x0000000100000000)
  eden space 411136K, 100% used [0x00000000e0000000,0x00000000f9180000,0x00000000f9180000)
  from space 21504K, 99% used [0x00000000fd100000,0x00000000fe5fd640,0x00000000fe600000)
  to   space 27136K, 0% used [0x00000000fb100000,0x00000000fb100000,0x00000000fcb80000)
 ParOldGen       total 160256K, used 86150K [0x00000000a0000000, 0x00000000a9c80000, 0x00000000e0000000)
  object space 160256K, 53% used [0x00000000a0000000,0x00000000a54218f0,0x00000000a9c80000)
 Metaspace       used 79284K, capacity 84322K, committed 84352K, reserved 1122304K
  class space    used 10059K, capacity 10871K, committed 10880K, reserved 1048576K
Event: 6887.242 GC heap after
Heap after GC invocations=28 (full 3):
 PSYoungGen      total 411136K, used 16427K [0x00000000e0000000, 0x00000000fd180000, 0x0000000100000000)
  eden space 394240K, 0% used [0x00000000e0000000,0x00000000e0000000,0x00000000f8100000)
  from space 16896K, 97% used [0x00000000fb100000,0x00000000fc10ae80,0x00000000fc180000)
  to   space 16384K, 0% used [0x00000000fc180000,0x00000000fc180000,0x00000000fd180000)
 ParOldGen       total 160256K, used 91340K [0x00000000a0000000, 0x00000000a9c80000, 0x00000000e0000000)
  object space 160256K, 56% used [0x00000000a0000000,0x00000000a5933288,0x00000000a9c80000)
 Metaspace       used 79284K, capacity 84322K, committed 84352K, reserved 1122304K
  class space    used 10059K, capacity 10871K, committed 10880K, reserved 1048576K
}
Event: 7253.899 GC heap before
{Heap before GC invocations=29 (full 3):
 PSYoungGen      total 411136K, used 410667K [0x00000000e0000000, 0x00000000fd180000, 0x0000000100000000)
  eden space 394240K, 100% used [0x00000000e0000000,0x00000000f8100000,0x00000000f8100000)
  from space 16896K, 97% used [0x00000000fb100000,0x00000000fc10ae80,0x00000000fc180000)
  to   space 16384K, 0% used [0x00000000fc180000,0x00000000fc180000,0x00000000fd180000)
 ParOldGen       total 160256K, used 91340K [0x00000000a0000000, 0x00000000a9c80000, 0x00000000e0000000)
  object space 160256K, 56% used [0x00000000a0000000,0x00000000a5933288,0x00000000a9c80000)
 Metaspace       used 79515K, capacity 84620K, committed 84736K, reserved 1122304K
  class space    used 10081K, capacity 10894K, committed 11008K, reserved 1048576K
Event: 7253.914 GC heap after
Heap after GC invocations=29 (full 3):
 PSYoungGen      total 391168K, used 12558K [0x00000000e0000000, 0x00000000fce00000, 0x0000000100000000)
  eden space 378368K, 0% used [0x00000000e0000000,0x00000000e0000000,0x00000000f7180000)
  from space 12800K, 98% used [0x00000000fc180000,0x00000000fcdc3850,0x00000000fce00000)
  to   space 26112K, 0% used [0x00000000f9b00000,0x00000000f9b00000,0x00000000fb480000)
 ParOldGen       total 160256K, used 91348K [0x00000000a0000000, 0x00000000a9c80000, 0x00000000e0000000)
  object space 160256K, 57% used [0x00000000a0000000,0x00000000a5935288,0x00000000a9c80000)
 Metaspace       used 79515K, capacity 84620K, committed 84736K, reserved 1122304K
  class space    used 10081K, capacity 10894K, committed 11008K, reserved 1048576K
}

Deoptimization events (10 events):
Event: 6886.229 Thread 0x000000005f56b800 Uncommon trap: reason=unstable_if action=reinterpret pc=0x0000000003453988 method=java.lang.ref.SoftReference.get()Ljava/lang/Object; @ 6
Event: 6886.796 Thread 0x000000005f56b800 Uncommon trap: reason=class_check action=maybe_recompile pc=0x0000000004d32878 method=java.io.PrintWriter.write(Ljava/lang/String;II)V @ 19
Event: 6886.796 Thread 0x000000005f56b800 Uncommon trap: reason=class_check action=maybe_recompile pc=0x0000000004d32878 method=java.io.PrintWriter.write(Ljava/lang/String;II)V @ 19
Event: 6886.796 Thread 0x000000005f56b800 Uncommon trap: reason=class_check action=maybe_recompile pc=0x0000000004d32878 method=java.io.PrintWriter.write(Ljava/lang/String;II)V @ 19
Event: 6886.796 Thread 0x000000005f56b800 Uncommon trap: reason=class_check action=maybe_recompile pc=0x0000000004d32878 method=java.io.PrintWriter.write(Ljava/lang/String;II)V @ 19
Event: 6886.882 Thread 0x000000005f56b800 Uncommon trap: reason=predicate action=maybe_recompile pc=0x0000000005de788c method=com.android.build.gradle.internal.incremental.InstantRunVerifier.getElementOf(Ljava/util/List;Ljava/lang/Object;Lcom/android/build/gradle/internal/incremental/InstantRunVerïêo@çº@
Event: 6887.250 Thread 0x000000005d4b9000 Uncommon trap: reason=array_check action=maybe_recompile pc=0x0000000005f6c1dc method=java.util.TimSort.binarySort([Ljava/lang/Object;IIILjava/util/Comparator;)V @ 193
Event: 6887.361 Thread 0x000000005ae77000 Uncommon trap: reason=bimorphic action=maybe_recompile pc=0x0000000005637598 method=java.util.concurrent.locks.AbstractQueuedSynchronizer.acquireQueued(Ljava/util/concurrent/locks/AbstractQueuedSynchronizer$Node;I)Z @ 22
Event: 7184.493 Thread 0x000000005f56d000 Uncommon trap: reason=null_check action=make_not_entrant pc=0x00000000061301f8 method=com.sun.org.apache.xpath.internal.patterns.NodeTest.subPartMatchNS(Ljava/lang/String;Ljava/lang/String;)Z @ 25
Event: 7184.493 Thread 0x000000005f56d000 Uncommon trap: reason=null_check action=make_not_entrant pc=0x0000000006135ec4 method=com.sun.org.apache.xpath.internal.patterns.NodeTest.subPartMatchNS(Ljava/lang/String;Ljava/lang/String;)Z @ 25

Internal exceptions (10 events):
Event: 7182.720 Thread 0x000000005f56d000 Exception <a 'java/lang/ClassNotFoundException': asLocalRepo8788_dxezouyd3j10wh2hnwskbpog4Customizer> (0x00000000ea3ca6a0) thrown at [C:\src\android\AOSP-openjdk\external\jetbrains\jdk\hotspot\src\share\vm\classfile\systemDictionary.cpp, line 210]
Event: 7182.976 Thread 0x000000005f56d000 Exception <a 'sun/nio/fs/WindowsException'> (0x00000000ec8fd9e8) thrown at [C:\src\android\AOSP-openjdk\external\jetbrains\jdk\hotspot\src\share\vm\prims\jni.cpp, line 709]
Event: 7184.493 Thread 0x000000005f56d000 Implicit null exception at 0x000000000612f311 to 0x00000000061301cd
Event: 7184.493 Thread 0x000000005f56d000 Implicit null exception at 0x00000000061353d8 to 0x0000000006135ea5
Event: 7185.054 Thread 0x000000005f56d000 Exception <a 'sun/nio/fs/WindowsException'> (0x00000000f69520d0) thrown at [C:\src\android\AOSP-openjdk\external\jetbrains\jdk\hotspot\src\share\vm\prims\jni.cpp, line 709]
Event: 7253.805 Thread 0x000000005a284000 Exception <a 'java/lang/ClassNotFoundException': asLocalRepo7522_aihd95275azjyks3ai0bv00dbBeanInfo> (0x00000000f6db0910) thrown at [C:\src\android\AOSP-openjdk\external\jetbrains\jdk\hotspot\src\share\vm\classfile\systemDictionary.cpp, line 210]
Event: 7253.805 Thread 0x000000005a284000 Exception <a 'java/lang/ClassNotFoundException': asLocalRepo7522_aihd95275azjyks3ai0bv00dbCustomizer> (0x00000000f6dbbf70) thrown at [C:\src\android\AOSP-openjdk\external\jetbrains\jdk\hotspot\src\share\vm\classfile\systemDictionary.cpp, line 210]
Event: 7254.036 Thread 0x000000005a284000 Exception <a 'sun/nio/fs/WindowsException'> (0x00000000e123cee8) thrown at [C:\src\android\AOSP-openjdk\external\jetbrains\jdk\hotspot\src\share\vm\prims\jni.cpp, line 709]
Event: 7255.798 Thread 0x000000005a284000 Exception <a 'sun/nio/fs/WindowsException'> (0x00000000eae105e0) thrown at [C:\src\android\AOSP-openjdk\external\jetbrains\jdk\hotspot\src\share\vm\prims\jni.cpp, line 709]
Event: 7484.096 Thread 0x000000005a719000 Exception <a 'sun/nio/fs/WindowsException'> (0x00000000eae4e580) thrown at [C:\src\android\AOSP-openjdk\external\jetbrains\jdk\hotspot\src\share\vm\prims\jni.cpp, line 709]

Events (10 events):
Event: 7671.560 Thread 0x00000000580ab000 flushing nmethod 0x0000000005f73f50
Event: 7671.560 Thread 0x00000000580ab000 flushing nmethod 0x0000000005f77ad0
Event: 7671.561 Thread 0x00000000580ab000 flushing nmethod 0x0000000005f95990
Event: 7671.561 Thread 0x00000000580ab000 flushing nmethod 0x0000000005fa81d0
Event: 7671.561 Thread 0x00000000580ab000 flushing nmethod 0x0000000005fc2250
Event: 7671.561 Thread 0x00000000580ab000 flushing nmethod 0x0000000006019290
Event: 7671.561 Thread 0x00000000580ab000 flushing nmethod 0x00000000060f0c50
Event: 7671.561 Thread 0x00000000580ab000 flushing nmethod 0x000000000610ee10
Event: 7671.561 Thread 0x000000005a721000 Thread added: 0x000000005a721000
Event: 7671.561 Thread 0x000000005f56b800 Thread added: 0x000000005f56b800


Dynamic libraries:
0x000000013f970000 - 0x000000013f9a1000 	C:\Program Files\Android\Android Studio\jre\bin\java.exe
0x00000000772f0000 - 0x0000000077499000 	C:\Windows\SYSTEM32\ntdll.dll
0x00000000770d0000 - 0x00000000771ef000 	C:\Windows\system32\kernel32.dll
0x000007fefd2f0000 - 0x000007fefd35b000 	C:\Windows\system32\KERNELBASE.dll
0x000007fefe790000 - 0x000007fefe86b000 	C:\Windows\system32\ADVAPI32.dll
0x000007fefd690000 - 0x000007fefd72f000 	C:\Windows\system32\msvcrt.dll
0x000007fefe770000 - 0x000007fefe78f000 	C:\Windows\SYSTEM32\sechost.dll
0x000007fefe060000 - 0x000007fefe18d000 	C:\Windows\system32\RPCRT4.dll
0x00000000771f0000 - 0x00000000772ea000 	C:\Windows\system32\USER32.dll
0x000007fefe4a0000 - 0x000007fefe507000 	C:\Windows\system32\GDI32.dll
0x000007fefded0000 - 0x000007fefdede000 	C:\Windows\system32\LPK.dll
0x000007fefd790000 - 0x000007fefd859000 	C:\Windows\system32\USP10.dll
0x000007fefbb10000 - 0x000007fefbd04000 	C:\Windows\WinSxS\amd64_microsoft.windows.common-controls_6595b64144ccf1df_6.0.7601.17514_none_fa396087175ac9ac\COMCTL32.dll
0x000007fefd610000 - 0x000007fefd681000 	C:\Windows\system32\SHLWAPI.dll
0x000007fefde80000 - 0x000007fefdeae000 	C:\Windows\system32\IMM32.DLL
0x000007fefdd70000 - 0x000007fefde79000 	C:\Windows\system32\MSCTF.dll
0x000000005de30000 - 0x000000005df02000 	C:\Program Files\Android\Android Studio\jre\jre\bin\msvcr100.dll
0x000000005df10000 - 0x000000005e74c000 	C:\Program Files\Android\Android Studio\jre\jre\bin\server\jvm.dll
0x000007fef1fd0000 - 0x000007fef1fd9000 	C:\Windows\system32\WSOCK32.dll
0x000007fefe190000 - 0x000007fefe1dd000 	C:\Windows\system32\WS2_32.dll
0x000007fefe490000 - 0x000007fefe498000 	C:\Windows\system32\NSI.dll
0x000007fefb670000 - 0x000007fefb6ab000 	C:\Windows\system32\WINMM.dll
0x000007fefc300000 - 0x000007fefc30c000 	C:\Windows\system32\VERSION.dll
0x00000000774b0000 - 0x00000000774b7000 	C:\Windows\system32\PSAPI.DLL
0x000007fef1f60000 - 0x000007fef1f6f000 	C:\Program Files\Android\Android Studio\jre\jre\bin\verify.dll
0x000007fef0550000 - 0x000007fef0579000 	C:\Program Files\Android\Android Studio\jre\jre\bin\java.dll
0x000007fef1390000 - 0x000007fef13a6000 	C:\Program Files\Android\Android Studio\jre\jre\bin\zip.dll
0x000007fefe870000 - 0x000007feff5f8000 	C:\Windows\system32\SHELL32.dll
0x000007fefe280000 - 0x000007fefe483000 	C:\Windows\system32\ole32.dll
0x000007fefd240000 - 0x000007fefd24f000 	C:\Windows\system32\profapi.dll
0x000007fef1370000 - 0x000007fef138a000 	C:\Program Files\Android\Android Studio\jre\jre\bin\net.dll
0x000007fefcab0000 - 0x000007fefcb05000 	C:\Windows\system32\mswsock.dll
0x000007fefcaa0000 - 0x000007fefcaa7000 	C:\Windows\System32\wship6.dll
0x000007fef0530000 - 0x000007fef0541000 	C:\Program Files\Android\Android Studio\jre\jre\bin\nio.dll
0x000007feef590000 - 0x000007feef5ae000 	C:\Users\GIGABYTE\.gradle\native\23\windows-amd64\native-platform.dll
0x000007fefcb10000 - 0x000007fefcb27000 	C:\Windows\system32\CRYPTSP.dll
0x000007fefc810000 - 0x000007fefc857000 	C:\Windows\system32\rsaenh.dll
0x000007fefc590000 - 0x000007fefc5ae000 	C:\Windows\system32\USERENV.dll
0x000007fefd170000 - 0x000007fefd17f000 	C:\Windows\system32\CRYPTBASE.dll
0x000007fef9c80000 - 0x000007fef9ca7000 	C:\Windows\system32\IPHLPAPI.DLL
0x000007fef9c70000 - 0x000007fef9c7b000 	C:\Windows\system32\WINNSI.DLL
0x000007fef9380000 - 0x000007fef9391000 	C:\Windows\system32\dhcpcsvc6.DLL
0x000007fef9af0000 - 0x000007fef9b08000 	C:\Windows\system32\dhcpcsvc.DLL
0x000007fef1f70000 - 0x000007fef1f7d000 	C:\Program Files\Android\Android Studio\jre\jre\bin\management.dll
0x000007fefd110000 - 0x000007fefd167000 	C:\Windows\system32\apphelp.dll
0x000007feefc00000 - 0x000007feefc24000 	C:\Program Files\Android\Android Studio\jre\jre\bin\sunec.dll
0x000007fef1d10000 - 0x000007fef1d1b000 	C:\Program Files\Android\Android Studio\jre\jre\bin\sunmscapi.dll
0x000007fefd400000 - 0x000007fefd567000 	C:\Windows\system32\CRYPT32.dll
0x000007fefd2e0000 - 0x000007fefd2ef000 	C:\Windows\system32\MSASN1.dll
0x000007fef8770000 - 0x000007fef8895000 	C:\Windows\system32\dbghelp.dll

VM Arguments:
jvm_args: -Xmx1536m -Dfile.encoding=windows-1252 -Duser.country=US -Duser.language=en -Duser.variant 
java_command: org.gradle.launcher.daemon.bootstrap.GradleDaemon 3.3
java_class_path (initial): C:\Users\GIGABYTE\.gradle\wrapper\dists\gradle-3.3-all\55gk2rcmfc6p2dg9u9ohc3hw9\gradle-3.3\lib\gradle-launcher-3.3.jar
Launcher Type: SUN_STANDARD

Environment Variables:
PATH=C:\Windows\system32;C:\Windows;C:\Windows\System32\Wbem;C:\Windows\System32\WindowsPowerShell\v1.0\;C:\Program Files (x86)\NVIDIA Corporation\PhysX\Common
USERNAME=GIGABYTE
OS=Windows_NT
PROCESSOR_IDENTIFIER=AMD64 Family 21 Model 2 Stepping 0, AuthenticAMD



---------------  S Y S T E M  ---------------

OS: Windows 7 , 64 bit Build 7601 (6.1.7601.17514)

CPU:total 6 (6 cores per cpu, 1 threads per core) family 21 model 2 stepping 0, cmov, cx8, fxsr, mmx, sse, sse2, sse3, ssse3, sse4.1, sse4.2, popcnt, avx, aes, clmul, mmxext, 3dnowpref, lzcnt, sse4a, tsc, tscinvbit, tscinv, bmi1

Memory: 4k page, physical 8369720k(917620k free), swap 16737596k(8305304k free)

vm_info: OpenJDK 64-Bit Server VM (25.112-b06) for windows-amd64 JRE (1.8.0_112-release-b06), built on Dec  8 2016 00:54:26 by "builder" with MS VC++ 10.0 (VS2010)

time: Wed May 31 16:21:45 2017
elapsed time: 7671 seconds (0d 2h 7m 51s)

